Using pre-set license
Built from '2021.1/release' branch; Version is '2021.1.0f1 (61a549675243) revision 6399305'; Using compiler version '192528614'; Build Type 'Release'
OS: 'Windows 10 Pro; OS build 19042.1052; Version 2009; 64bit' Language: 'en' Physical Memory: 32686 MB
BatchMode: 1, IsHumanControllingUs: 0, StartBugReporterOnCrash: 0, Is64bit: 1, IsPro: 0

 COMMAND LINE ARGUMENTS:
C:\Program Files\Unity\Hub\Editor\2021.1.0f1\Editor\Unity.exe
-adb2
-batchMode
-noUpm
-name
AssetImportWorker0
-projectPath
C:/Users/Rokoko/Documents/GitHub/wordplay/Summer School
-logFile
Logs/AssetImportWorker0.log
-srvPort
54340
Successfully changed project path to: C:/Users/Rokoko/Documents/GitHub/wordplay/Summer School
C:/Users/Rokoko/Documents/GitHub/wordplay/Summer School
Using Asset Import Pipeline V2.
Refreshing native plugins compatible for Editor in 58.06 ms, found 1 plugins.
Preloading 0 native plugins for Editor in 0.00 ms.
Initialize engine version: 2021.1.0f1 (61a549675243)
[Subsystems] Discovering subsystems at path C:/Program Files/Unity/Hub/Editor/2021.1.0f1/Editor/Data/Resources/UnitySubsystems
[Subsystems] Discovering subsystems at path C:/Users/Rokoko/Documents/GitHub/wordplay/Summer School/Assets
GfxDevice: creating device client; threaded=0; jobified=0
Direct3D:
    Version:  Direct3D 11.0 [level 11.1]
    Renderer: NVIDIA GeForce RTX 2070 SUPER (ID=0x1e84)
    Vendor:   NVIDIA
    VRAM:     8011 MB
    Driver:   27.21.14.5671
Initialize mono
Mono path[0] = 'C:/Program Files/Unity/Hub/Editor/2021.1.0f1/Editor/Data/Managed'
Mono path[1] = 'C:/Program Files/Unity/Hub/Editor/2021.1.0f1/Editor/Data/MonoBleedingEdge/lib/mono/unityjit'
Mono config path = 'C:/Program Files/Unity/Hub/Editor/2021.1.0f1/Editor/Data/MonoBleedingEdge/etc'
Using monoOptions --debugger-agent=transport=dt_socket,embedding=1,server=y,suspend=n,address=127.0.0.1:56940
Begin MonoManager ReloadAssembly
Registering precompiled unity dll's ...
Register platform support module: C:/Program Files/Unity/Hub/Editor/2021.1.0f1/Editor/Data/PlaybackEngines/WebGLSupport/UnityEditor.WebGL.Extensions.dll
Register platform support module: C:/Program Files/Unity/Hub/Editor/2021.1.0f1/Editor/Data/PlaybackEngines/WindowsStandaloneSupport/UnityEditor.WindowsStandalone.Extensions.dll
Registered in 0.002170 seconds.
Native extension for WindowsStandalone target not found
Native extension for WebGL target not found
Refreshing native plugins compatible for Editor in 61.79 ms, found 1 plugins.
Preloading 0 native plugins for Editor in 0.00 ms.
Mono: successfully reloaded assembly
- Completed reload, in  1.494 seconds
Platform modules already initialized, skipping
Registering precompiled user dll's ...
Registered in 0.002335 seconds.
Begin MonoManager ReloadAssembly
Native extension for WindowsStandalone target not found
Native extension for WebGL target not found
Refreshing native plugins compatible for Editor in 0.47 ms, found 1 plugins.
Preloading 0 native plugins for Editor in 0.00 ms.
Mono: successfully reloaded assembly
- Completed reload, in  0.805 seconds
Platform modules already initialized, skipping
========================================================================
Worker process is ready to serve import requests
Launched and connected shader compiler UnityShaderCompiler.exe after 0.03 seconds
Refreshing native plugins compatible for Editor in 0.44 ms, found 1 plugins.
Preloading 0 native plugins for Editor in 0.00 ms.
Unloading 2666 Unused Serialized files (Serialized files now loaded: 0)
System memory in use before: 98.1 MB.
System memory in use after: 98.2 MB.

Unloading 15 unused Assets to reduce memory usage. Loaded Objects now: 3117.
Total: 1.753300 ms (FindLiveObjects: 0.231500 ms CreateObjectMapping: 0.167600 ms MarkObjects: 1.297700 ms  DeleteObjects: 0.055800 ms)

========================================================================
Received Import Request.
  path: Assets/Prefabs
  artifactKey: Guid(e58957038c0ff2d4abd74b135b16894f) Importer(815301076,1909f56bfc062723c751e8b465ee728b)
Start importing Assets/Prefabs using Guid(e58957038c0ff2d4abd74b135b16894f) Importer(815301076,1909f56bfc062723c751e8b465ee728b)  -> (artifact id: '34583d0237c6119d3615463417c7a31d') in 0.008162 seconds 
========================================================================
Received Import Request.
  Time since last request: 0.611640 seconds.
  path: Assets/Prefabs/Athlete.prefab
  artifactKey: Guid(28e1a62e95f9b404db5a4ad94be7af20) Importer(815301076,1909f56bfc062723c751e8b465ee728b)
Start importing Assets/Prefabs/Athlete.prefab using Guid(28e1a62e95f9b404db5a4ad94be7af20) Importer(815301076,1909f56bfc062723c751e8b465ee728b)  -> (artifact id: '3611d67b57cdff18e3ecc12f4b64369a') in 0.086263 seconds 
========================================================================
Received Import Request.
  Time since last request: 1.558871 seconds.
  path: Assets/Prefabs/GangSta.prefab
  artifactKey: Guid(6c633ba72f4b3be4db3456bb629590aa) Importer(815301076,1909f56bfc062723c751e8b465ee728b)
Start importing Assets/Prefabs/GangSta.prefab using Guid(6c633ba72f4b3be4db3456bb629590aa) Importer(815301076,1909f56bfc062723c751e8b465ee728b)  -> (artifact id: '2c6d809f7fa0e5ef9e216faf7b8190ea') in 0.020273 seconds 
========================================================================
Received Import Request.
  Time since last request: 1.457313 seconds.
  path: Assets/Prefabs/Dragon.prefab
  artifactKey: Guid(e4eae9001d395e14d846b23ab5676899) Importer(815301076,1909f56bfc062723c751e8b465ee728b)
Start importing Assets/Prefabs/Dragon.prefab using Guid(e4eae9001d395e14d846b23ab5676899) Importer(815301076,1909f56bfc062723c751e8b465ee728b)  -> (artifact id: '965fcd98b5615654e0b33684e74be774') in 0.018128 seconds 
========================================================================
Received Import Request.
  Time since last request: 1.434057 seconds.
  path: Assets/Prefabs/Sphere.prefab
  artifactKey: Guid(51c81567575e89741a4de263180f4821) Importer(815301076,1909f56bfc062723c751e8b465ee728b)
Start importing Assets/Prefabs/Sphere.prefab using Guid(51c81567575e89741a4de263180f4821) Importer(815301076,1909f56bfc062723c751e8b465ee728b)  -> (artifact id: 'b23af0c601036591d7f2816493f6d819') in 0.009106 seconds 
========================================================================
Received Import Request.
  Time since last request: 47.467895 seconds.
  path: Assets/Prefabs/Sphere.prefab
  artifactKey: Guid(51c81567575e89741a4de263180f4821) Importer(815301076,1909f56bfc062723c751e8b465ee728b)
Start importing Assets/Prefabs/Sphere.prefab using Guid(51c81567575e89741a4de263180f4821) Importer(815301076,1909f56bfc062723c751e8b465ee728b)  -> (artifact id: '942ab08b6b6c1f52090d14bbf5d15d86') in 0.009021 seconds 
========================================================================
Received Import Request.
  Time since last request: 236.756589 seconds.
  path: Assets/Prefabs/Enemies
  artifactKey: Guid(edcbffc95965cfc40945ef87857c3964) Importer(815301076,1909f56bfc062723c751e8b465ee728b)
Start importing Assets/Prefabs/Enemies using Guid(edcbffc95965cfc40945ef87857c3964) Importer(815301076,1909f56bfc062723c751e8b465ee728b)  -> (artifact id: '042d8e719fac7ebafed151704801359a') in 0.004898 seconds 
========================================================================
Received Import Request.
  Time since last request: 2.642641 seconds.
  path: Assets/Prefabs/Enemies/Sphere.prefab
  artifactKey: Guid(6d1581bf165fc0a46ac02b9fa6f0e7de) Importer(815301076,1909f56bfc062723c751e8b465ee728b)
Start importing Assets/Prefabs/Enemies/Sphere.prefab using Guid(6d1581bf165fc0a46ac02b9fa6f0e7de) Importer(815301076,1909f56bfc062723c751e8b465ee728b)  -> (artifact id: '71c7e114fd6dd3e2e7240beb148608d5') in 0.011757 seconds 
========================================================================
Received Import Request.
  Time since last request: 1.626685 seconds.
  path: Assets/Prefabs/Enemies/Cylinder.prefab
  artifactKey: Guid(33c44d76357540947ab7429451ade58d) Importer(815301076,1909f56bfc062723c751e8b465ee728b)
Start importing Assets/Prefabs/Enemies/Cylinder.prefab using Guid(33c44d76357540947ab7429451ade58d) Importer(815301076,1909f56bfc062723c751e8b465ee728b)  -> (artifact id: '32288089b2aeb39166d221483d3ef1c3') in 0.010988 seconds 
========================================================================
Received Import Request.
  Time since last request: 1.591171 seconds.
  path: Assets/Prefabs/Enemies/Sphere (1).prefab
  artifactKey: Guid(87a5b745f4b99ac41888bcfa06112ea1) Importer(815301076,1909f56bfc062723c751e8b465ee728b)
Start importing Assets/Prefabs/Enemies/Sphere (1).prefab using Guid(87a5b745f4b99ac41888bcfa06112ea1) Importer(815301076,1909f56bfc062723c751e8b465ee728b)  -> (artifact id: 'cacdb8f8a9f397ff405bd637887dfdd9') in 0.009972 seconds 
========================================================================
Received Import Request.
  Time since last request: 49.292183 seconds.
  path: Assets/Prefabs/Enemies/Athlete.prefab
  artifactKey: Guid(8828eb33784e7bb4485115dd530303db) Importer(815301076,1909f56bfc062723c751e8b465ee728b)
Start importing Assets/Prefabs/Enemies/Athlete.prefab using Guid(8828eb33784e7bb4485115dd530303db) Importer(815301076,1909f56bfc062723c751e8b465ee728b)  -> (artifact id: '0df596a1a13c938ba981a919fd94bda1') in 0.013592 seconds 
========================================================================
Received Import Request.
  Time since last request: 1.418846 seconds.
  path: Assets/Prefabs/Enemies/GangSta.prefab
  artifactKey: Guid(c1e78bc8bc5928343a3b5aa116c9b4c3) Importer(815301076,1909f56bfc062723c751e8b465ee728b)
Start importing Assets/Prefabs/Enemies/GangSta.prefab using Guid(c1e78bc8bc5928343a3b5aa116c9b4c3) Importer(815301076,1909f56bfc062723c751e8b465ee728b)  -> (artifact id: '18276ef77a6daec2af8cdcf4c0018428') in 0.009270 seconds 
========================================================================
Received Import Request.
  Time since last request: 1.484150 seconds.
  path: Assets/Prefabs/Enemies/Dragon.prefab
  artifactKey: Guid(e49ad5ec5781ede409a119d966c8e1a5) Importer(815301076,1909f56bfc062723c751e8b465ee728b)
Start importing Assets/Prefabs/Enemies/Dragon.prefab using Guid(e49ad5ec5781ede409a119d966c8e1a5) Importer(815301076,1909f56bfc062723c751e8b465ee728b)  -> (artifact id: 'ff42617050839fcbc78ac97251d91974') in 0.009919 seconds 
========================================================================
Received Import Request.
  Time since last request: 1.340437 seconds.
  path: Assets/Prefabs/Enemies/Sphere.prefab
  artifactKey: Guid(6d1581bf165fc0a46ac02b9fa6f0e7de) Importer(815301076,1909f56bfc062723c751e8b465ee728b)
Start importing Assets/Prefabs/Enemies/Sphere.prefab using Guid(6d1581bf165fc0a46ac02b9fa6f0e7de) Importer(815301076,1909f56bfc062723c751e8b465ee728b)  -> (artifact id: 'f3ce686edce113cb79624f1d69aa42d6') in 0.010455 seconds 
AssetImportWorkerClient::OnTransportError - code=2 error=End of file
